<?xml version="1.0" encoding="UTF-8"?>
<!-- Generated by org.testng.reporters.JUnitReportReporter -->
<testsuite hostname="DESKTOP-I0C21EG" failures="0" tests="1" name="in.restassured.RestAssuredDemo.GetProducts" time="1.094" errors="0" timestamp="2023-08-23T14:54:10 IST" skipped="0">
  <testcase classname="in.restassured.RestAssuredDemo.GetProducts" name="getServerResponse" time="1.094"/>
  <system-out/>
</testsuite> <!-- in.restassured.RestAssuredDemo.GetProducts -->
