<?xml version="1.0" encoding="UTF-8"?>
<!-- Generated by org.testng.reporters.JUnitReportReporter -->
<testsuite hostname="DESKTOP-I0C21EG" failures="0" tests="1" name="in.restassured.RestAssuredDemo.BearerTokenDemo" time="2.019" errors="0" timestamp="2023-08-21T09:16:27 IST" skipped="0">
  <testcase classname="in.restassured.RestAssuredDemo.BearerTokenDemo" name="createResource" time="2.019"/>
  <system-out/>
</testsuite> <!-- in.restassured.RestAssuredDemo.BearerTokenDemo -->
