<?xml version="1.0" encoding="UTF-8"?>
<!-- Generated by org.testng.reporters.JUnitReportReporter -->
<testsuite hostname="DESKTOP-I0C21EG" failures="0" tests="3" name="in.restassured.RestAssuredDemo.Get_Post_Demo" time="3.232" errors="0" timestamp="2023-08-23T09:51:36 IST" skipped="0">
  <testcase classname="in.restassured.RestAssuredDemo.Get_Post_Demo" name="payLoad" time="0.351"/>
  <system-out/>
  <testcase classname="in.restassured.RestAssuredDemo.Get_Post_Demo" name="createResource" time="2.306"/>
  <system-out/>
  <testcase classname="in.restassured.RestAssuredDemo.Get_Post_Demo" name="verifyResource" time="0.575"/>
  <system-out/>
</testsuite> <!-- in.restassured.RestAssuredDemo.Get_Post_Demo -->
