<?xml version="1.0" encoding="UTF-8"?>
<!-- Generated by org.testng.reporters.JUnitReportReporter -->
<testsuite hostname="DESKTOP-I0C21EG" failures="0" tests="1" name="in.restassured.RestAssuredDemo.GetUsersDemo" time="1.259" errors="0" timestamp="2023-08-23T14:53:08 IST" skipped="0">
  <testcase classname="in.restassured.RestAssuredDemo.GetUsersDemo" name="getServerResponse" time="1.259"/>
  <system-out/>
</testsuite> <!-- in.restassured.RestAssuredDemo.GetUsersDemo -->
