<?xml version="1.0" encoding="UTF-8"?>
<!-- Generated by org.testng.reporters.JUnitReportReporter -->
<testsuite hostname="DESKTOP-I0C21EG" failures="0" tests="1" name="in.restassured.RestAssuredDemo.GetDemo2" time="1.936" errors="0" timestamp="2023-08-22T09:36:36 IST" skipped="0">
  <testcase classname="in.restassured.RestAssuredDemo.GetDemo2" name="verifyResource" time="1.936"/>
  <system-out/>
</testsuite> <!-- in.restassured.RestAssuredDemo.GetDemo2 -->
