<?xml version="1.0" encoding="UTF-8"?>
<!-- Generated by org.testng.reporters.JUnitReportReporter -->
<testsuite hostname="DESKTOP-I0C21EG" failures="0" tests="1" name="in.restassured.RestAssuredDemo.SoapDemo" time="2.469" errors="0" timestamp="2023-08-17T12:27:05 IST" skipped="0">
  <testcase classname="in.restassured.RestAssuredDemo.SoapDemo" name="getCapital" time="2.469"/>
  <system-out/>
</testsuite> <!-- in.restassured.RestAssuredDemo.SoapDemo -->
