<?xml version="1.0" encoding="UTF-8"?>
<!-- Generated by org.testng.reporters.JUnitReportReporter -->
<testsuite hostname="DESKTOP-I0C21EG" failures="0" tests="1" name="in.restassured.RestAssuredDemo.GetDemoBearerToken" time="1.940" errors="0" timestamp="2023-08-18T10:23:27 IST" skipped="0">
  <testcase classname="in.restassured.RestAssuredDemo.GetDemoBearerToken" name="verifyResource" time="1.940"/>
  <system-out/>
</testsuite> <!-- in.restassured.RestAssuredDemo.GetDemoBearerToken -->
