<?xml version="1.0" encoding="UTF-8"?>
<!-- Generated by org.testng.reporters.JUnitReportReporter -->
<testsuite hostname="DESKTOP-I0C21EG" failures="0" tests="5" name="in.restassured.RestAssuredDemo.CreateUpdateDeleteResource" time="4.536" errors="0" timestamp="2023-08-21T12:40:26 IST" skipped="0">
  <testcase classname="in.restassured.RestAssuredDemo.CreateUpdateDeleteResource" name="payLoad" time="0.294"/>
  <system-out/>
  <testcase classname="in.restassured.RestAssuredDemo.CreateUpdateDeleteResource" name="createResource" time="2.190"/>
  <system-out/>
  <testcase classname="in.restassured.RestAssuredDemo.CreateUpdateDeleteResource" name="verifyResource" time="0.684"/>
  <system-out/>
  <testcase classname="in.restassured.RestAssuredDemo.CreateUpdateDeleteResource" name="updateResource" time="0.747"/>
  <system-out/>
  <testcase classname="in.restassured.RestAssuredDemo.CreateUpdateDeleteResource" name="deleteResource" time="0.621"/>
  <system-out/>
</testsuite> <!-- in.restassured.RestAssuredDemo.CreateUpdateDeleteResource -->
