<?xml version="1.0" encoding="UTF-8"?>
<!-- Generated by org.testng.reporters.JUnitReportReporter -->
<testsuite hostname="DESKTOP-I0C21EG" failures="0" tests="1" name="in.restassured.RestAssuredDemo.DeleteDemo" time="1.871" errors="0" timestamp="2023-08-22T09:40:48 IST" skipped="0">
  <testcase classname="in.restassured.RestAssuredDemo.DeleteDemo" name="deleteResource" time="1.871"/>
  <system-out/>
</testsuite> <!-- in.restassured.RestAssuredDemo.DeleteDemo -->
