<?xml version="1.0" encoding="UTF-8"?>
<!-- Generated by org.testng.reporters.JUnitReportReporter -->
<testsuite hostname="DESKTOP-I0C21EG" failures="0" tests="1" name="in.restassured.RestAssuredDemo.PutDemoBearerTokenJsonPath2" time="2.964" errors="0" timestamp="2023-08-18T12:47:46 IST" skipped="0">
  <testcase classname="in.restassured.RestAssuredDemo.PutDemoBearerTokenJsonPath2" name="verifuCurrencyName" time="2.964"/>
  <system-out/>
</testsuite> <!-- in.restassured.RestAssuredDemo.PutDemoBearerTokenJsonPath2 -->
