<?xml version="1.0" encoding="UTF-8"?>
<!-- Generated by org.testng.reporters.JUnitReportReporter -->
<testsuite hostname="DESKTOP-I0C21EG" failures="0" tests="1" name="in.restassured.RestAssuredDemo.PutDemo" time="1.924" errors="0" timestamp="2023-08-22T09:39:46 IST" skipped="0">
  <testcase classname="in.restassured.RestAssuredDemo.PutDemo" name="updateResource" time="1.924"/>
  <system-out/>
</testsuite> <!-- in.restassured.RestAssuredDemo.PutDemo -->
