<?xml version="1.0" encoding="UTF-8"?>
<!-- Generated by org.testng.reporters.JUnitReportReporter -->
<testsuite hostname="DESKTOP-I0C21EG" failures="0" tests="1" name="in.restassured.RestAssuredDemo.PutDemoBearerTokenJsonPath" time="2.511" errors="0" timestamp="2023-08-18T12:48:21 IST" skipped="0">
  <testcase classname="in.restassured.RestAssuredDemo.PutDemoBearerTokenJsonPath" name="updateResource" time="2.511"/>
  <system-out/>
</testsuite> <!-- in.restassured.RestAssuredDemo.PutDemoBearerTokenJsonPath -->
